<?xml version="1.0" encoding="UTF-8"?>
<testsuite hostname="Ravidev-Gills-MacBook-Pro.local" name="com.spindrift.qa.automation.seleniumframework.core.TestcaseTest" tests="5" failures="0" timestamp="5 Aug 2011 23:17:11 GMT" time="12.655" errors="0">
  <testcase name="testBrowserOpenWithGivenBrowser" time="0.912" classname="com.spindrift.qa.automation.seleniumframework.core.TestcaseTest"/>
  <testcase name="testFirefoxDriver" time="2.124" classname="com.spindrift.qa.automation.seleniumframework.core.WebDriverTest"/>
  <testcase name="testHtmlUnitDriver" time="1.768" classname="com.spindrift.qa.automation.seleniumframework.core.WebDriverTest"/>
  <testcase name="testWebdriverBackedSeleniumWithFirefox" time="2.298" classname="com.spindrift.qa.automation.seleniumframework.core.WebDriverTest"/>
  <testcase name="testWebdriverBackedSeleniumWithHtmlUnit" time="0.285" classname="com.spindrift.qa.automation.seleniumframework.core.WebDriverTest"/>
</testsuite>
