<?xml version="1.0" encoding="UTF-8"?>
<testng-results skipped="0" failed="0" total="6" passed="6">
  <reporter-output>
    <line>
      <![CDATA[selenium.open("http://google.com");]]>
    </line>
    <line>
      <![CDATA[selenium.waitFor(1000);]]>
    </line>
    <line>
      <![CDATA[selenium.close();]]>
    </line>
    <line>
      <![CDATA[selenium.stop();]]>
    </line>
  </reporter-output>
  <suite name="Command line suite" duration-ms="12991" started-at="2012-01-05T23:46:53Z" finished-at="2012-01-05T23:47:06Z">
    <groups>
    </groups>
    <test name="Command line test" duration-ms="12991" started-at="2012-01-05T23:46:53Z" finished-at="2012-01-05T23:47:06Z">
      <class name="com.spindrift.qa.automation.seleniumframework.core.RegexHelperTest">
        <test-method status="PASS" signature="testRegex()" name="testRegex" duration-ms="6" started-at="2012-01-05T23:46:53Z" finished-at="2012-01-05T23:46:53Z">
        </test-method>
      </class>
      <class name="com.spindrift.qa.automation.seleniumframework.core.TestCaseSeleniumAutoInitTest">
        <test-method status="PASS" signature="init()" name="init" is-config="true" duration-ms="4814" started-at="2012-01-05T23:46:53Z" finished-at="2012-01-05T23:46:57Z">
        </test-method>
        <test-method status="PASS" signature="goToGoogle()" name="goToGoogle" duration-ms="1616" started-at="2012-01-05T23:46:57Z" finished-at="2012-01-05T23:46:59Z">
        </test-method>
        <test-method status="PASS" signature="tearDown()" name="tearDown" is-config="true" duration-ms="97" started-at="2012-01-05T23:46:59Z" finished-at="2012-01-05T23:46:59Z">
        </test-method>
      </class>
      <class name="com.spindrift.qa.automation.seleniumframework.core.WebDriverTest">
        <test-method status="PASS" signature="testFirefoxDriver()" name="testFirefoxDriver" duration-ms="2321" started-at="2012-01-05T23:46:59Z" finished-at="2012-01-05T23:47:01Z">
        </test-method>
        <test-method status="PASS" signature="testHtmlUnitDriver()" name="testHtmlUnitDriver" duration-ms="1618" started-at="2012-01-05T23:47:01Z" finished-at="2012-01-05T23:47:03Z">
        </test-method>
        <test-method status="PASS" signature="testWebdriverBackedSeleniumWithFirefox()" name="testWebdriverBackedSeleniumWithFirefox" duration-ms="2217" started-at="2012-01-05T23:47:03Z" finished-at="2012-01-05T23:47:05Z">
        </test-method>
        <test-method status="PASS" signature="testWebdriverBackedSeleniumWithHtmlUnit()" name="testWebdriverBackedSeleniumWithHtmlUnit" duration-ms="288" started-at="2012-01-05T23:47:05Z" finished-at="2012-01-05T23:47:06Z">
        </test-method>
      </class>
    </test>
  </suite>
</testng-results>
